
Running Job 1 of 1 irc_reactant.in
qchem irc_reactant.in_129738.0 ./irc_reactant.d/ 1
/home/leeping/opt/qchem/5.0.2-openmp/exe/qcprog.exe_s irc_reactant.in_129738.0 ./irc_reactant.d/
Check license passed

                  Welcome to Q-Chem
     A Quantum Leap Into The Future Of Chemistry


 Q-Chem 5.0, Q-Chem, Inc., Pleasanton, CA (2017)

 Yihan Shao,  Zhengting Gan,  E. Epifanovsky,  A. T. B. Gilbert,  M. Wormit,  
 J. Kussmann,  A. W. Lange,  A. Behn,  Jia Deng,  Xintian Feng,  D. Ghosh,  
 M. Goldey,  P. R. Horn,  L. D. Jacobson,  I. Kaliman,  T. Kus,  A. Landau,  
 Jie Liu,  E. I. Proynov,  R. M. Richard,  R. P. Steele,  E. J. Sundstrom,  
 H. L. Woodcock III,  P. M. Zimmerman,  D. Zuev,  B. Albrecht,  E. Alguire,  
 S. A. Baeppler,  D. Barton,  Z. Benda,  Y. A. Bernard,  E. J. Berquist,  
 K. B. Bravaya,  H. Burton,  D. Casanova,  Chun-Min Chang,  Yunqing Chen,  
 A. Chien,  K. D. Closser,  M. P. Coons,  S. Dasgupta,  A. L. Dempwolff,  
 M. Diedenhofen,  Hainam Do,  R. G. Edgar,  Po-Tung Fang,  S. Fatehi,  
 Qingguo Feng,  J. Fosso-Tande,  Qinghui Ge,  A. Ghysels,  G. Gidofalvi,  
 J. Gomes,  J. Gonthier,  A. Gunina,  M. W. D. Hanson-Heine,  
 P. H. P. Harbach,  A. W. Hauser,  J. E. Herr,  E. G. Hohenstein,  
 Z. C. Holden,  Kerwin Hui,  T.-C. Jagau,  Hyunjun Ji,  B. Kaduk,  
 K. Khistyaev,  Jaehoon Kim,  P. Klunzinger,  K. Koh,  D. Kosenkov,  
 L. Koulias,  T. Kowalczyk,  C. M. Krauter,  A. Kunitsa,  Ka Un Lao,  
 A. Laurent,  K. V. Lawler,  Joonho Lee,  D. Lefrancois,  S. Lehtola,  
 D. S. Levine,  Yi-Pei Li,  You-Sheng Lin,  Fenglai Liu,  E. Livshits,  
 A. Luenser,  P. Manohar,  E. Mansoor,  S. F. Manzer,  Shan-Ping Mao,  
 Yuezhi Mao,  N. Mardirossian,  A. V. Marenich,  T. Markovich,  
 L. A. Martinez-Martinez,  S. A. Maurer,  N. J. Mayhall,  S. C. McKenzie,  
 J.-M. Mewes,  A. F. Morrison,  J. W. Mullinax,  K. Nanda,  
 T. S. Nguyen-Beck,  R. Olivares-Amaya,  J. A. Parkhill,  T. M. Perrine,  
 F. Plasser,  S. Prager,  A. Prociuk,  E. Ramos,  D. R. Rehn,  F. Rob,  
 M. Schneider,  N. Sergueev,  S. M. Sharada,  S. Sharma,  D. W. Small,  
 T. Stauch,  T. Stein,  Yu-Chuan Su,  A. J. W. Thom,  A. Tkatchenko,  
 T. Tsuchimochi,  L. Vogt,  O. Vydrov,  M. A. Watson,  J. Wenzel,  
 M. de Wergifosse,  T. A. Wesolowski,  A. White,  J. Witte,  A. Yamada,  
 Jun Yang,  K. Yao,  S. Yeganeh,  S. R. Yost,  Zhi-Qiang You,  A. Zech,  
 Igor Ying Zhang,  Xing Zhang,  Yan Zhao,  Ying Zhu,  B. R. Brooks,  
 G. K. L. Chan,  C. J. Cramer,  M. S. Gordon,  W. J. Hehre,  A. Klamt,  
 M. W. Schmidt,  C. D. Sherrill,  D. G. Truhlar,  A. Aspuru-Guzik,  R. Baer,  
 A. T. Bell,  N. A. Besley,  Jeng-Da Chai,  R. A. DiStasio Jr.,  A. Dreuw,  
 B. D. Dunietz,  T. R. Furlani,  Chao-Ping Hsu,  Yousung Jung,  Jing Kong,  
 D. S. Lambrecht,  WanZhen Liang,  C. Ochsenfeld,  V. A. Rassolov,  
 L. V. Slipchenko,  J. E. Subotnik,  T. Van Voorhis,  J. M. Herbert,  
 A. I. Krylov,  P. M. W. Gill,  M. Head-Gordon

 Contributors to earlier versions of Q-Chem not listed above: 
 R. D. Adamson,  B. Austin,  J. Baker,  G. J. O. Beran,  K. Brandhorst,  
 S. T. Brown,  E. F. C. Byrd,  A. K. Chakraborty,  C.-L. Cheng,  
 Siu Hung Chien,  D. M. Chipman,  D. L. Crittenden,  H. Dachsel,  
 R. J. Doerksen,  A. D. Dutoi,  L. Fusti-Molnar,  W. A. Goddard III,  
 A. Golubeva-Zadorozhnaya,  S. R. Gwaltney,  G. Hawkins,  A. Heyden,  
 S. Hirata,  G. Kedziora,  F. J. Keil,  C. Kelley,  Jihan Kim,  R. A. King,  
 R. Z. Khaliullin,  P. P. Korambath,  W. Kurlancheek,  A. M. Lee,  M. S. Lee,  
 S. V. Levchenko,  Ching Yeh Lin,  D. Liotard,  R. C. Lochan,  I. Lotan,  
 P. E. Maslen,  N. Nair,  D. P. O'Neill,  D. Neuhauser,  E. Neuscamman,  
 C. M. Oana,  R. Olson,  B. Peters,  R. Peverati,  P. A. Pieniazek,  
 Y. M. Rhee,  J. Ritchie,  M. A. Rohrdanz,  E. Rosta,  N. J. Russ,  
 H. F. Schaefer III,  N. E. Schultz,  N. Shenvi,  A. C. Simmonett,  A. Sodt,  
 D. Stuck,  K. S. Thanthiriwatte,  V. Vanovschi,  Tao Wang,  A. Warshel,  
 C. F. Williams,  Q. Wu,  X. Xu,  W. Zhang

 Please cite Q-Chem as follows:
 Y. Shao et al., Mol. Phys. 113, 184-215 (2015)
 DOI: 10.1080/00268976.2014.952696

 Q-Chem 5.0.2 for Intel X86 EM64T Linux

 Parts of Q-Chem use Armadillo 5.200.1 (Boston Tea Smuggler).
 http://arma.sourceforge.net/

 Q-Chem begins on Wed Mar  2 11:24:08 2022  

Host: 
0

     Scratch files written to ./irc_reactant.d//
 Dec517 15110_ 26548  26544 5633   
Processing $rem in /home/leeping/opt/qchem/5.0.2-openmp/config/preferences.
 MEM_STATIC 2000
 MEM_TOTAL  8000
 SYMMETRY   OFF
 SYM_IGNORE TRUE 

Checking the input file for inconsistencies... 	...done.

--------------------------------------------------------------
User input:
--------------------------------------------------------------
$molecule
0 2
C        1.5927980874    0.3373116769   -0.4654699911
C        1.1949131981   -0.9668224123   -0.2263173827
C       -0.1051399606   -1.4450283889    0.1707205757
C       -1.3349305159    0.7401140056    0.2899355595
C       -0.3584636629    1.6532756805   -0.0677010263
N        0.9462353619    1.5264004704   -0.4113584472
H        2.6376800823    0.4527151366   -0.7579597885
H        1.9653668003   -1.7222425638   -0.3579084832
H       -0.1963842008   -2.5211024919    0.3002092218
H       -2.3104915964    1.1633962571    0.5151080940
H       -0.6853991510    2.6941718407   -0.0817611041
C       -1.2210106484   -0.6924064405    0.3985552598
H       -2.1251737936   -1.2197827700    0.6939475121
$end

$rem
method                b3lyp
basis                 6-31+g(d,p)
unrestricted          true
symmetry              off
sym_ignore            true
incdft                false
incfock               0
scf_convergence       8
thresh                14
jobtype               sp
scf_guess             read
scf_algorithm         diis
max_scf_cycles        100
scf_final_print       1
$end

--------------------------------------------------------------
 ----------------------------------------------------------------
             Standard Nuclear Orientation (Angstroms)
    I     Atom           X                Y                Z
 ----------------------------------------------------------------
    1      C       1.5927980874     0.3373116769    -0.4654699911
    2      C       1.1949131981    -0.9668224123    -0.2263173827
    3      C      -0.1051399606    -1.4450283889     0.1707205757
    4      C      -1.3349305159     0.7401140056     0.2899355595
    5      C      -0.3584636629     1.6532756805    -0.0677010263
    6      N       0.9462353619     1.5264004704    -0.4113584472
    7      H       2.6376800823     0.4527151366    -0.7579597885
    8      H       1.9653668003    -1.7222425638    -0.3579084832
    9      H      -0.1963842008    -2.5211024919     0.3002092218
   10      H      -2.3104915964     1.1633962571     0.5151080940
   11      H      -0.6853991510     2.6941718407    -0.0817611041
   12      C      -1.2210106484    -0.6924064405     0.3985552598
   13      H      -2.1251737936    -1.2197827700     0.6939475121
 ----------------------------------------------------------------
 Nuclear Repulsion Energy =   260.5274707276 hartrees
 There are       25 alpha and       24 beta electrons
 Requested basis set is 6-31+G(d,p)
 There are 53 shells and 163 basis functions

 Total QAlloc Memory Limit   8000 MB
 Mega-Array Size      1956 MB
 MEM_STATIC part      2000 MB

                       Distance Matrix (Angstroms)
             C (  1)   C (  2)   C (  3)   C (  4)   C (  5)   N (  6)
   C (  2)  1.384295
   C (  3)  2.542532  1.440992
   C (  4)  3.050325  3.095199  2.510268
   C (  5)  2.386924  3.050091  3.117773  1.383928
   N (  6)  1.354586  2.512417  3.205245  2.512723  1.355152
   H (  7)  1.091168  2.092679  3.462216  4.118533  3.300709  2.033204
   H (  8)  2.095743  1.087003  2.154831  4.168317  4.108349  3.405168
   H (  9)  3.458030  2.151447  1.087671  3.454262  4.193693  4.265465
   H ( 10)  4.108481  4.168382  3.433083  1.087010  2.095247  3.405346
   H ( 11)  3.300334  4.118173  4.187293  2.092461  1.091123  2.033361
   C ( 12)  3.118394  2.510470  1.365107  1.441142  2.542362  3.205623
   H ( 13)  4.194295  3.454541  2.098818  2.151489  3.457722  4.265768
             H (  7)   H (  8)   H (  9)   H ( 10)   H ( 11)   C ( 12)
   H (  8)  2.311382
   H (  9)  4.242079  2.396761
   H ( 10)  5.158505  5.231829  4.253371
   H ( 11)  4.065000  5.158249  5.252059  2.310942
   C ( 12)  4.187878  3.433045  2.098490  2.155123  3.462152
   H ( 13)  5.252624  4.253397  2.359808  2.397054  4.241900  1.087609

 
 A cutoff of  1.0D-14 yielded   1361 shell pairs
 There are     13409 function pairs
 
 -------------------------------------------------------
 OpenMP Integral Computing Module                       
 Release: version 1.0, May 2013, Q-Chem Inc. Pittsburgh 
 -------------------------------------------------------
 Integral Job Info:
 Integral job number is                      11
 Integral operator is                         1
 short-range coefficients                     0
 long-range coefficients              100000000
 Omega coefficients                           0
 if combine SR and LR in K                    0
 Integral screening is                        0
 Integral computing path is                   2
 max size of driver memory is            800000
 size of driver memory is                593474
 size of scratch memory is              2361544
 max col of scratch BK array               1296
 max len of scratch array in speh3          155
 max len of scratch index in speh4           18
 max int batch size is                      520
 min int batch size is                       52
 fixed nKL is                                52
 max L of basis functions is                  2
 order of int derivative is                   0
 number of shells is                         53
 number of basis is                         163
 number of cartesian basis is               163
 number of contracted shell pairs          1361
 number of primitive shell pairs           4562
 maxK2 (contraction) of shell pair           36
 max number of K2 of shell pair               1
 max number of CS2 of shell pair            136
 max number of PS2 of shell pair            696
 mem total for path MDJ                  535308
 -------------------------------------------------------
 Smallest overlap matrix eigenvalue = 9.06E-06

 Scale SEOQF with 1.000000e-01/1.000000e-01/1.000000e-01

 Standard Electronic Orientation quadrupole field applied
 Nucleus-field energy     =     0.0000000074 hartrees
 Guess MOs from SCF MO coefficient file
 Reading MOs from coefficient file
 Reading MOs from coefficient file
 An unrestricted hybrid HF-DFT SCF calculation will be
 performed using Pulay DIIS extrapolation
 Exchange:     0.2000 Hartree-Fock + 0.0800 Slater + 0.7200 B88
 Correlation:  0.1900 VWN1RPA + 0.8100 LYP
 Using SG-1 standard quadrature grid
 SCF converges when DIIS error is below 1.0E-08
Using Q-Chem read-in guess as SCF_GUESS READ specified.

 using 4 threads for integral computing
 -------------------------------------------------------
 OpenMP Integral computing Module                
 Release: version 1.0, May 2013, Q-Chem Inc. Pittsburgh 
 -------------------------------------------------------
 -------------------------------------------------------
 OpenMP BLAS3 based DFT computing Module                
 Release: version 1.0, May 2013, Q-Chem Inc. Pittsburgh 
 -------------------------------------------------------
 ---------------------------------------
  Cycle       Energy         DIIS Error
 ---------------------------------------
    1    -286.9462072305      5.81E-10
    2    -286.9462072305      9.03E-10 Convergence criterion met
 ---------------------------------------
 One-Electron    Energy =  -901.3923915401
 Total Coulomb   Energy =   395.5234933601
 Alpha Exchange  Energy =    -4.0233465203
 Beta  Exchange  Energy =    -3.9193183085
 DFT   Exchange  Energy =   -31.5582207204
 DFT Correlation Energy =    -2.1038942364
 Nuclear Repu.   Energy =   260.5274707351
 Nuclear Attr.   Energy = -1185.5180425962
 Kinetic         Energy =   284.1256510561
 <S^2> = 0.7674
 SCF time:  CPU 10.06 s  wall 6.64 s
 Final Alpha MO Eigenvalues
            1           2           3           4           5           6
    1 -14.3369702 -10.2433998 -10.2433269 -10.2230732 -10.2223657 -10.2121601
            7           8           9          10          11          12
    1 -10.2121477  -0.9342954  -0.8292954  -0.7952561  -0.7033394  -0.6777026
           13          14          15          16          17          18
    1  -0.5617877  -0.5469041  -0.5269776  -0.4578399  -0.4492156  -0.4231925
           19          20          21          22          23          24
    1  -0.4054612  -0.3954534  -0.3584831  -0.3331345  -0.3102698  -0.2632397
           25          26          27          28          29          30
    1  -0.1739452  -0.0870313  -0.0023858   0.0154780   0.0231948   0.0452152
 Final Beta MO Eigenvalues
            1           2           3           4           5           6
    1 -14.3293463 -10.2448254 -10.2447344 -10.2216264 -10.2209326 -10.2077293
            7           8           9          10          11          12
    1 -10.2076902  -0.9232486  -0.8202661  -0.7880527  -0.6916927  -0.6756303
           13          14          15          16          17          18
    1  -0.5568093  -0.5442769  -0.5236145  -0.4558126  -0.4477056  -0.4199392
           19          20          21          22          23          24
    1  -0.3922477  -0.3840624  -0.3573663  -0.3066518  -0.2873604  -0.2540068
           25          26          27          28          29
    1  -0.0934045  -0.0851890  -0.0020173   0.0156891   0.0229924
 SCF   energy in the final basis set = -286.94620723
 Total energy in the final basis set = -286.94620723
 
 --------------------------------------------------------------
 
                    Orbital Energies (a.u.)
 --------------------------------------------------------------
 
 Alpha MOs
 -- Occupied --
-14.337 -10.243 -10.243 -10.223 -10.222 -10.212 -10.212  -0.934
 -0.829  -0.795  -0.703  -0.678  -0.562  -0.547  -0.527  -0.458
 -0.449  -0.423  -0.405  -0.395  -0.358  -0.333  -0.310  -0.263
 -0.174
 -- Virtual --
 -0.087  -0.002   0.015   0.023   0.045   0.050   0.054   0.064
  0.072   0.075   0.077   0.084   0.091   0.094   0.128   0.132
  0.133   0.134   0.139   0.143   0.164   0.183   0.183   0.184
  0.205   0.207   0.213   0.228   0.229   0.247   0.247   0.259
  0.264   0.266   0.291   0.292   0.302   0.308   0.339   0.391
  0.408   0.411   0.460   0.595   0.613   0.623   0.647   0.682
  0.694   0.702   0.702   0.733   0.735   0.755   0.774   0.777
  0.894   0.914   0.919   0.940   0.943   0.977   0.978   0.998
  1.001   1.022   1.037   1.109   1.114   1.124   1.164   1.192
  1.217   1.265   1.275   1.279   1.298   1.339   1.365   1.382
  1.428   1.462   1.499   1.597   1.676   1.727   1.784   1.843
  1.853   1.893   1.905   1.943   1.950   1.976   2.003   2.029
  2.075   2.101   2.133   2.258   2.293   2.361   2.383   2.393
  2.400   2.418   2.449   2.450   2.455   2.472   2.503   2.512
  2.525   2.562   2.620   2.624   2.664   2.738   2.755   2.842
  3.009   3.072   3.117   3.245   3.261   3.290   3.346   3.350
  3.405   3.652   3.759   4.179   4.224   4.307   4.381   4.409
  4.649   4.713
 
 Beta MOs
 -- Occupied --
-14.329 -10.245 -10.245 -10.222 -10.221 -10.208 -10.208  -0.923
 -0.820  -0.788  -0.692  -0.676  -0.557  -0.544  -0.524  -0.456
 -0.448  -0.420  -0.392  -0.384  -0.357  -0.307  -0.287  -0.254
 -- Virtual --
 -0.093  -0.085  -0.002   0.016   0.023   0.045   0.050   0.058
  0.064   0.075   0.081   0.085   0.091   0.096   0.103   0.129
  0.132   0.133   0.140   0.142   0.143   0.165   0.183   0.184
  0.190   0.205   0.209   0.213   0.227   0.231   0.250   0.253
  0.259   0.268   0.269   0.292   0.293   0.307   0.310   0.338
  0.394   0.412   0.414   0.464   0.597   0.616   0.625   0.655
  0.686   0.703   0.704   0.706   0.736   0.751   0.757   0.776
  0.788   0.895   0.917   0.920   0.940   0.944   0.978   0.978
  1.001   1.025   1.028   1.039   1.115   1.118   1.130   1.163
  1.194   1.220   1.270   1.286   1.291   1.306   1.346   1.374
  1.387   1.429   1.467   1.513   1.608   1.679   1.733   1.796
  1.845   1.855   1.894   1.914   1.951   1.957   1.988   2.008
  2.037   2.080   2.114   2.131   2.259   2.294   2.364   2.386
  2.405   2.409   2.419   2.453   2.453   2.464   2.476   2.505
  2.518   2.527   2.572   2.624   2.624   2.671   2.749   2.757
  2.847   3.011   3.074   3.122   3.247   3.263   3.291   3.347
  3.351   3.405   3.654   3.761   4.192   4.230   4.314   4.385
  4.409   4.652   4.719
 --------------------------------------------------------------
 
          Ground-State Mulliken Net Atomic Charges

     Atom                 Charge (a.u.)    Spin (a.u.)
  --------------------------------------------------------
      1 C                    -0.235293      -0.115090
      2 C                     0.101101       0.371460
      3 C                    -0.164809       0.077027
      4 C                     0.101202       0.368962
      5 C                    -0.235086      -0.113628
      6 N                    -0.176528       0.375407
      7 H                     0.127033       0.003324
      8 H                     0.127358      -0.018723
      9 H                     0.132724      -0.006693
     10 H                     0.127369      -0.018620
     11 H                     0.126961       0.003256
     12 C                    -0.164761       0.080139
     13 H                     0.132731      -0.006823
  --------------------------------------------------------
  Sum of atomic charges =    -0.000000
  Sum of spin   charges =     1.000000

 -----------------------------------------------------------------
                    Cartesian Multipole Moments
 -----------------------------------------------------------------
    Charge (ESU x 10^10)
                -0.0000
    Dipole Moment (Debye)
         X      -1.2349      Y      -1.9913      Z       0.5369
       Tot       2.4038
    Quadrupole Moments (Debye-Ang)
        XX     -38.1322     XY      -4.0676     YY     -41.3411
        XZ      -1.4877     YZ       0.7403     ZZ     -44.8338
    Octopole Moments (Debye-Ang^2)
       XXX     -10.5801    XXY     -10.4960    XYY     -13.5588
       YYY     -28.1317    XXZ       2.2208    XYZ       2.4740
       YYZ       5.4798    XZZ      -3.6877    YZZ      -6.2452
       ZZZ       4.4303
    Hexadecapole Moments (Debye-Ang^3)
      XXXX    -368.9580   XXXY      -3.0779   XXYY    -142.0645
      XYYY     -24.4481   YYYY    -415.6161   XXXZ      32.2739
      XXYZ       7.6252   XYYZ      17.5341   YYYZ      21.8598
      XXZZ     -83.7698   XYZZ       1.3969   YYZZ     -93.5134
      XZZZ      51.1313   YZZZ      19.4032   ZZZZ     -87.4774
 -----------------------------------------------------------------
 Mayer SCF Bond Order, atomic valence on the diagonal:

            1           2           3           4           5           6
    1   4.1214671   1.4584718   0.1886953  -0.0251204   0.1060450   1.3027412
    2   1.4584718   3.6220714   1.3096629   0.0874262  -0.0250082  -0.0514134
    3   0.1886953   1.3096629   4.2903541  -0.0228414   0.0570227  -0.0139366
    4  -0.0251204   0.0874262  -0.0228414   3.6228394   1.4605024  -0.0517728
    5   0.1060450  -0.0250082   0.0570227   1.4605024   4.1225541   1.3014986
    6   1.3027412  -0.0514134  -0.0139366  -0.0517728   1.3014986   2.4018241
    7   0.9611276  -0.0182827   0.0387355   0.0017475   0.0036869  -0.0456288
    8   0.0598051   0.8195770   0.0575804  -0.0001112  -0.0000654   0.0099959
    9   0.0085560   0.0547423   0.8133592   0.0077813   0.0008569  -0.0000829
   10  -0.0000635  -0.0001130   0.0036628   0.8195656   0.0597720   0.0099985
   11   0.0036439   0.0017424  -0.0032643  -0.0179489   0.9608722  -0.0456999
   12   0.0567055  -0.0224960   1.8045273   1.3088311   0.1887851  -0.0137935
   13   0.0008596   0.0077622   0.0571503   0.0547801   0.0085859  -0.0000821
            7           8           9          10          11          12
    1   0.9611276   0.0598051   0.0085560  -0.0000635   0.0036439   0.0567055
    2  -0.0182827   0.8195770   0.0547423  -0.0001130   0.0017424  -0.0224960
    3   0.0387355   0.0575804   0.8133592   0.0036628  -0.0032643   1.8045273
    4   0.0017475  -0.0001112   0.0077813   0.8195656  -0.0179489   1.3088311
    5   0.0036869  -0.0000654   0.0008569   0.0597720   0.9608722   0.1887851
    6  -0.0456288   0.0099959  -0.0000829   0.0099985  -0.0456999  -0.0137935
    7   0.9417624   0.0001609   0.0016436   0.0001857   0.0016270  -0.0032751
    8   0.0001609   0.9530882   0.0005001   0.0000042   0.0001841   0.0036441
    9   0.0016436   0.0005001   0.9472916   0.0018160   0.0000342   0.0570665
   10   0.0001857   0.0000042   0.0018160   0.9530784   0.0001621   0.0575892
   11   0.0016270   0.0001841   0.0000342   0.0001621   0.9417823   0.0387861
   12  -0.0032751   0.0036441   0.0570665   0.0575892   0.0387861   4.2896052
   13   0.0000342   0.0018129   0.0010186   0.0004988   0.0016434   0.8132349
           13
    1   0.0008596
    2   0.0077622
    3   0.0571503
    4   0.0547801
    5   0.0085859
    6  -0.0000821
    7   0.0000342
    8   0.0018129
    9   0.0010186
   10   0.0004988
   11   0.0016434
   12   0.8132349
   13   0.9472988


Archival summary:
1\1\c8-89\SP\ProcedureUnspecified\6-31+G**\166(2)\hpark21\WedMar211:24:242022WedMar211:24:242022\0\\#,ProcedureUnspecified,6-31+G**,\\0,2\N\C,1,1.35459\H,2,1.09117,1,112.02\C,1,1.35515,2,123.495,3,-179.722,0\H,4,1.09112,1,111.995,2,179.786,0\C,4,1.38393,1,133.084,2,-0.194427,0\H,6,1.08701,4,115.457,1,179.948,0\C,2,1.38429,1,133.07,3,179.95,0\H,8,1.087,2,115.472,1,179.987,0\C,8,1.44099,2,128.284,1,0.0909975,0\H,10,1.08767,8,115.9,2,179.758,0\C,10,1.36511,8,126.905,2,-0.263537,0\H,12,1.08761,10,117.229,8,-179.981,0\\\@

 Total job time:  15.63s(wall), 12.02s(cpu) 
 Wed Mar  2 11:24:24 2022

        *************************************************************
        *                                                           *
        *  Thank you very much for using Q-Chem.  Have a nice day.  *
        *                                                           *
        *************************************************************


