You are running Q-Chem version: 5.0.2

#
# job setting
#
local host:  c8-72
current dir: /home/hpark21/research/sphere/test/pyridine/pyridine_original/408/gathered/reactions/reaction_000/Reaction/pathways/085-095/FS
input file:  irc_transition.in
output file: irc_transition.out
nprocs     : 1
nthreads   : 4
#
# qchem installation setting
#
QC:          /home/leeping/opt/qchem/5.0.2-openmp
QCAUX:       /home/leeping/opt/qchem/5.0.2-openmp/qcaux
QCPROG:      /home/leeping/opt/qchem/5.0.2-openmp/exe/qcprog.exe
QCPROG_S:    /home/leeping/opt/qchem/5.0.2-openmp/exe/qcprog.exe_s
PARALLEL:    FALSE
QCMPI:       
#
# qchem directory setting
#
qcrun:       irc_transition.d
QCSCRATCH:   .
QCLOCALSCR:  
QCTMPDIR:    .
QCFILEPREF:  ./irc_transition.d
QCSAVEDIR:   ./irc_transition.d
workdirs:    ./irc_transition.d
workdir0:    ./irc_transition.d
partmpdirs =  ./irc_transition.d.0 
#
# parallel setting
#
QCRSH:           ssh
QCMPI:           mpich
QCMPIRUN:        /home/leeping/opt/qchem/5.0.2-openmp/bin/mpi/mpirun_qchem
QCMACHINEFILE:   /home/leeping/opt/qchem/5.0.2-openmp/bin/mpi/machines


#
# env setting
#
exported envs:   QC QCAUX QCSCRATCH QCRUNNAME QCFILEPREF QCPROG QCPROG_S GUIFILE
