
Running Job 1 of 1 irc_product.in
qchem irc_product.in_18341.0 ./irc_product.d/ 1
/home/leeping/opt/qchem/5.0.2-openmp/exe/qcprog.exe_s irc_product.in_18341.0 ./irc_product.d/
Check license passed

                  Welcome to Q-Chem
     A Quantum Leap Into The Future Of Chemistry


 Q-Chem 5.0, Q-Chem, Inc., Pleasanton, CA (2017)

 Yihan Shao,  Zhengting Gan,  E. Epifanovsky,  A. T. B. Gilbert,  M. Wormit,  
 J. Kussmann,  A. W. Lange,  A. Behn,  Jia Deng,  Xintian Feng,  D. Ghosh,  
 M. Goldey,  P. R. Horn,  L. D. Jacobson,  I. Kaliman,  T. Kus,  A. Landau,  
 Jie Liu,  E. I. Proynov,  R. M. Richard,  R. P. Steele,  E. J. Sundstrom,  
 H. L. Woodcock III,  P. M. Zimmerman,  D. Zuev,  B. Albrecht,  E. Alguire,  
 S. A. Baeppler,  D. Barton,  Z. Benda,  Y. A. Bernard,  E. J. Berquist,  
 K. B. Bravaya,  H. Burton,  D. Casanova,  Chun-Min Chang,  Yunqing Chen,  
 A. Chien,  K. D. Closser,  M. P. Coons,  S. Dasgupta,  A. L. Dempwolff,  
 M. Diedenhofen,  Hainam Do,  R. G. Edgar,  Po-Tung Fang,  S. Fatehi,  
 Qingguo Feng,  J. Fosso-Tande,  Qinghui Ge,  A. Ghysels,  G. Gidofalvi,  
 J. Gomes,  J. Gonthier,  A. Gunina,  M. W. D. Hanson-Heine,  
 P. H. P. Harbach,  A. W. Hauser,  J. E. Herr,  E. G. Hohenstein,  
 Z. C. Holden,  Kerwin Hui,  T.-C. Jagau,  Hyunjun Ji,  B. Kaduk,  
 K. Khistyaev,  Jaehoon Kim,  P. Klunzinger,  K. Koh,  D. Kosenkov,  
 L. Koulias,  T. Kowalczyk,  C. M. Krauter,  A. Kunitsa,  Ka Un Lao,  
 A. Laurent,  K. V. Lawler,  Joonho Lee,  D. Lefrancois,  S. Lehtola,  
 D. S. Levine,  Yi-Pei Li,  You-Sheng Lin,  Fenglai Liu,  E. Livshits,  
 A. Luenser,  P. Manohar,  E. Mansoor,  S. F. Manzer,  Shan-Ping Mao,  
 Yuezhi Mao,  N. Mardirossian,  A. V. Marenich,  T. Markovich,  
 L. A. Martinez-Martinez,  S. A. Maurer,  N. J. Mayhall,  S. C. McKenzie,  
 J.-M. Mewes,  A. F. Morrison,  J. W. Mullinax,  K. Nanda,  
 T. S. Nguyen-Beck,  R. Olivares-Amaya,  J. A. Parkhill,  T. M. Perrine,  
 F. Plasser,  S. Prager,  A. Prociuk,  E. Ramos,  D. R. Rehn,  F. Rob,  
 M. Schneider,  N. Sergueev,  S. M. Sharada,  S. Sharma,  D. W. Small,  
 T. Stauch,  T. Stein,  Yu-Chuan Su,  A. J. W. Thom,  A. Tkatchenko,  
 T. Tsuchimochi,  L. Vogt,  O. Vydrov,  M. A. Watson,  J. Wenzel,  
 M. de Wergifosse,  T. A. Wesolowski,  A. White,  J. Witte,  A. Yamada,  
 Jun Yang,  K. Yao,  S. Yeganeh,  S. R. Yost,  Zhi-Qiang You,  A. Zech,  
 Igor Ying Zhang,  Xing Zhang,  Yan Zhao,  Ying Zhu,  B. R. Brooks,  
 G. K. L. Chan,  C. J. Cramer,  M. S. Gordon,  W. J. Hehre,  A. Klamt,  
 M. W. Schmidt,  C. D. Sherrill,  D. G. Truhlar,  A. Aspuru-Guzik,  R. Baer,  
 A. T. Bell,  N. A. Besley,  Jeng-Da Chai,  R. A. DiStasio Jr.,  A. Dreuw,  
 B. D. Dunietz,  T. R. Furlani,  Chao-Ping Hsu,  Yousung Jung,  Jing Kong,  
 D. S. Lambrecht,  WanZhen Liang,  C. Ochsenfeld,  V. A. Rassolov,  
 L. V. Slipchenko,  J. E. Subotnik,  T. Van Voorhis,  J. M. Herbert,  
 A. I. Krylov,  P. M. W. Gill,  M. Head-Gordon

 Contributors to earlier versions of Q-Chem not listed above: 
 R. D. Adamson,  B. Austin,  J. Baker,  G. J. O. Beran,  K. Brandhorst,  
 S. T. Brown,  E. F. C. Byrd,  A. K. Chakraborty,  C.-L. Cheng,  
 Siu Hung Chien,  D. M. Chipman,  D. L. Crittenden,  H. Dachsel,  
 R. J. Doerksen,  A. D. Dutoi,  L. Fusti-Molnar,  W. A. Goddard III,  
 A. Golubeva-Zadorozhnaya,  S. R. Gwaltney,  G. Hawkins,  A. Heyden,  
 S. Hirata,  G. Kedziora,  F. J. Keil,  C. Kelley,  Jihan Kim,  R. A. King,  
 R. Z. Khaliullin,  P. P. Korambath,  W. Kurlancheek,  A. M. Lee,  M. S. Lee,  
 S. V. Levchenko,  Ching Yeh Lin,  D. Liotard,  R. C. Lochan,  I. Lotan,  
 P. E. Maslen,  N. Nair,  D. P. O'Neill,  D. Neuhauser,  E. Neuscamman,  
 C. M. Oana,  R. Olson,  B. Peters,  R. Peverati,  P. A. Pieniazek,  
 Y. M. Rhee,  J. Ritchie,  M. A. Rohrdanz,  E. Rosta,  N. J. Russ,  
 H. F. Schaefer III,  N. E. Schultz,  N. Shenvi,  A. C. Simmonett,  A. Sodt,  
 D. Stuck,  K. S. Thanthiriwatte,  V. Vanovschi,  Tao Wang,  A. Warshel,  
 C. F. Williams,  Q. Wu,  X. Xu,  W. Zhang

 Please cite Q-Chem as follows:
 Y. Shao et al., Mol. Phys. 113, 184-215 (2015)
 DOI: 10.1080/00268976.2014.952696

 Q-Chem 5.0.2 for Intel X86 EM64T Linux

 Parts of Q-Chem use Armadillo 5.200.1 (Boston Tea Smuggler).
 http://arma.sourceforge.net/

 Q-Chem begins on Thu Mar  3 07:16:31 2022  

Host: 
0

     Scratch files written to ./irc_product.d//
 Dec517 15110_ 26548  26544 5633   
Processing $rem in /home/leeping/opt/qchem/5.0.2-openmp/config/preferences.
 MEM_STATIC 2000
 MEM_TOTAL  8000
 SYMMETRY   OFF
 SYM_IGNORE TRUE 

Checking the input file for inconsistencies... 	...done.

--------------------------------------------------------------
User input:
--------------------------------------------------------------
$molecule
0 2
C        1.2495551699    0.3389750283    0.1778005905
C        0.6708581651   -1.0453487099   -0.2388912651
C       -0.6712172310   -0.9027659458   -0.8204916817
C       -1.0485186997    0.2218108601    0.1562543388
C       -0.4927988167    1.4836210039   -0.4886893422
N        0.7887234714    1.5232100901   -0.5168968377
H        2.2837461598    0.3299321067    0.5034090820
H        1.3325875695   -1.9022636840   -0.3014600992
H       -1.3209131627   -1.7213484572   -1.1058995740
H       -2.0604529468    0.2553746251    0.5591483988
H       -1.0992199296    2.2288862140   -1.0000479475
C        0.1717115744   -0.2616104887    1.0145504969
H        0.1959386762   -0.5484726424    2.0612138403
$end

$rem
method                b3lyp
basis                 6-31+g(d,p)
unrestricted          true
symmetry              off
sym_ignore            true
incdft                false
incfock               0
scf_convergence       8
thresh                14
jobtype               sp
scf_guess             core
scf_guess_mix         5
scf_algorithm         diis
max_scf_cycles        100
$end

--------------------------------------------------------------
 ----------------------------------------------------------------
             Standard Nuclear Orientation (Angstroms)
    I     Atom           X                Y                Z
 ----------------------------------------------------------------
    1      C       1.2495551699     0.3389750283     0.1778005905
    2      C       0.6708581651    -1.0453487099    -0.2388912651
    3      C      -0.6712172310    -0.9027659458    -0.8204916817
    4      C      -1.0485186997     0.2218108601     0.1562543388
    5      C      -0.4927988167     1.4836210039    -0.4886893422
    6      N       0.7887234714     1.5232100901    -0.5168968377
    7      H       2.2837461598     0.3299321067     0.5034090820
    8      H       1.3325875695    -1.9022636840    -0.3014600992
    9      H      -1.3209131627    -1.7213484572    -1.1058995740
   10      H      -2.0604529468     0.2553746251     0.5591483988
   11      H      -1.0992199296     2.2288862140    -1.0000479475
   12      C       0.1717115744    -0.2616104887     1.0145504969
   13      H       0.1959386762    -0.5484726424     2.0612138403
 ----------------------------------------------------------------
 Nuclear Repulsion Energy =   282.0778650802 hartrees
 There are       25 alpha and       24 beta electrons
 Requested basis set is 6-31+G(d,p)
 There are 53 shells and 163 basis functions

 Total QAlloc Memory Limit   8000 MB
 Mega-Array Size      1956 MB
 MEM_STATIC part      2000 MB

                       Distance Matrix (Angstroms)
             C (  1)   C (  2)   C (  3)   C (  4)   C (  5)   N (  6)
   C (  2)  1.557201
   C (  3)  2.495571  1.469611
   C (  4)  2.301160  2.172117  1.536575
   C (  5)  2.188657  2.795029  2.415941  1.522150
   N (  6)  1.448234  2.586247  2.847623  2.349943  1.282444
   H (  7)  1.084276  2.245844  3.464688  3.352044  3.166143  2.167955
   H (  8)  2.293411  1.084483  2.298613  3.223486  3.851143  3.475064
   H (  9)  3.535552  2.275046  1.083347  2.333045  3.367277  3.914671
   H ( 10)  3.332952  3.128707  2.274791  1.089707  2.250354  3.298952
   H ( 11)  3.236640  3.799099  3.165860  2.316885  1.088418  2.072618
   C ( 12)  1.490839  1.560291  2.118723  1.568225  2.397319  2.431382
   H ( 13)  2.333434  2.400608  3.030134  2.402266  3.332532  3.360047
             H (  7)   H (  8)   H (  9)   H ( 10)   H ( 11)   C ( 12)
   H (  8)  2.556407
   H (  9)  4.448730  2.778654
   H ( 10)  4.345196  4.112028  2.688259
   H ( 11)  4.160633  4.844390  3.957866  2.692547
   C ( 12)  2.252083  2.402345  2.975747  2.336070  3.446222
   H ( 13)  2.749053  2.950754  3.702308  2.827309  4.331568  1.085533

 
 A cutoff of  1.0D-14 yielded   1402 shell pairs
 There are     13508 function pairs
 
 -------------------------------------------------------
 OpenMP Integral Computing Module                       
 Release: version 1.0, May 2013, Q-Chem Inc. Pittsburgh 
 -------------------------------------------------------
 Integral Job Info:
 Integral job number is                      11
 Integral operator is                         1
 short-range coefficients                     0
 long-range coefficients              100000000
 Omega coefficients                           0
 if combine SR and LR in K                    0
 Integral screening is                        0
 Integral computing path is                   2
 max size of driver memory is            800000
 size of driver memory is                593474
 size of scratch memory is              2361544
 max col of scratch BK array               1296
 max len of scratch array in speh3          155
 max len of scratch index in speh4           18
 max int batch size is                      520
 min int batch size is                       52
 fixed nKL is                                52
 max L of basis functions is                  2
 order of int derivative is                   0
 number of shells is                         53
 number of basis is                         163
 number of cartesian basis is               163
 number of contracted shell pairs          1402
 number of primitive shell pairs           4833
 maxK2 (contraction) of shell pair           36
 max number of K2 of shell pair               1
 max number of CS2 of shell pair            126
 max number of PS2 of shell pair            714
 mem total for path MDJ                  535308
 -------------------------------------------------------
 Smallest overlap matrix eigenvalue = 2.55E-05

 Scale SEOQF with 1.000000e-01/1.000000e-01/1.000000e-01

 Standard Electronic Orientation quadrupole field applied
 Nucleus-field energy     =     0.0000000031 hartrees
 Guess MOs from core Hamiltonian diagonalization
 Mixing HOMO and LUMO in initial guess
 Adding  50% of the LUMO to the HOMO
 An unrestricted hybrid HF-DFT SCF calculation will be
 performed using Pulay DIIS extrapolation
 Exchange:     0.2000 Hartree-Fock + 0.0800 Slater + 0.7200 B88
 Correlation:  0.1900 VWN1RPA + 0.8100 LYP
 Using SG-1 standard quadrature grid
 SCF converges when DIIS error is below 1.0E-08
 using 4 threads for integral computing
 -------------------------------------------------------
 OpenMP Integral computing Module                
 Release: version 1.0, May 2013, Q-Chem Inc. Pittsburgh 
 -------------------------------------------------------
 -------------------------------------------------------
 OpenMP BLAS3 based DFT computing Module                
 Release: version 1.0, May 2013, Q-Chem Inc. Pittsburgh 
 -------------------------------------------------------
 ---------------------------------------
  Cycle       Energy         DIIS Error
 ---------------------------------------
    1    -235.8274447271      9.79E-02
    2    -209.8711782827      7.20E-02
    3    -255.7148406586      7.70E-02
    4    -279.9489051627      3.92E-02
    5    -283.9725338549      2.76E-02
    6    -286.2585312659      1.18E-02
    7    -286.6732886031      6.99E-03
    8    -286.8499999979      1.24E-03
    9    -286.8538504200      8.32E-04
   10    -286.8567131605      1.16E-04
   11    -286.8568074324      1.13E-04
   12    -286.8568708844      2.57E-05
   13    -286.8568803356      6.85E-06
   14    -286.8568818815      2.92E-06
   15    -286.8568827346      8.61E-07
   16    -286.8568831905      3.81E-07
   17    -286.8568833539      2.51E-07
   18    -286.8568834266      1.06E-07
   19    -286.8568834740      3.78E-08
   20    -286.8568834789      1.20E-08
   21    -286.8568834790      3.83E-09 Convergence criterion met
 ---------------------------------------
 <S^2> = 0.7556
 SCF time:  CPU 105.65 s  wall 27.44 s
 SCF   energy in the final basis set = -286.85688348
 Total energy in the final basis set = -286.85688348
 
 --------------------------------------------------------------
 
                    Orbital Energies (a.u.)
 --------------------------------------------------------------
 
 Alpha MOs
 -- Occupied --
-14.334 -10.233 -10.231 -10.223 -10.221 -10.220 -10.211  -0.980
 -0.867  -0.760  -0.674  -0.615  -0.583  -0.549  -0.518  -0.465
 -0.450  -0.420  -0.410  -0.369  -0.344  -0.317  -0.282  -0.271
 -0.180
 -- Virtual --
 -0.021  -0.001   0.015   0.021   0.029   0.045   0.049   0.061
  0.071   0.073   0.080   0.092   0.103   0.107   0.110   0.119
  0.121   0.137   0.143   0.161   0.163   0.175   0.178   0.185
  0.187   0.197   0.212   0.218   0.224   0.241   0.246   0.254
  0.261   0.271   0.284   0.298   0.306   0.321   0.329   0.343
  0.354   0.382   0.420   0.460   0.620   0.656   0.666   0.673
  0.691   0.711   0.724   0.745   0.752   0.757   0.784   0.794
  0.802   0.809   0.859   0.894   0.915   0.938   0.958   0.981
  0.999   1.013   1.044   1.059   1.084   1.086   1.125   1.169
  1.212   1.242   1.263   1.391   1.411   1.433   1.482   1.512
  1.576   1.602   1.644   1.674   1.734   1.773   1.809   1.839
  1.889   1.924   1.936   2.012   2.028   2.078   2.111   2.152
  2.157   2.220   2.248   2.298   2.321   2.361   2.366   2.369
  2.392   2.442   2.453   2.463   2.489   2.510   2.545   2.558
  2.580   2.615   2.633   2.635   2.691   2.700   2.743   2.820
  2.828   2.903   2.993   3.029   3.094   3.268   3.314   3.355
  3.512   3.533   3.692   4.177   4.417   4.462   4.584   4.601
  4.659   4.853
 
 Beta MOs
 -- Occupied --
-14.334 -10.233 -10.231 -10.221 -10.220 -10.220 -10.199  -0.976
 -0.861  -0.753  -0.661  -0.611  -0.579  -0.544  -0.511  -0.458
 -0.446  -0.415  -0.406  -0.361  -0.340  -0.305  -0.275  -0.266
 -- Virtual --
 -0.060  -0.012  -0.001   0.015   0.022   0.032   0.045   0.050
  0.061   0.071   0.077   0.083   0.094   0.104   0.108   0.111
  0.121   0.124   0.139   0.146   0.161   0.164   0.177   0.179
  0.186   0.189   0.197   0.212   0.223   0.227   0.243   0.249
  0.256   0.261   0.274   0.289   0.299   0.310   0.322   0.331
  0.348   0.359   0.385   0.425   0.465   0.624   0.664   0.668
  0.693   0.703   0.714   0.727   0.751   0.755   0.768   0.787
  0.797   0.806   0.813   0.863   0.897   0.917   0.943   0.960
  0.984   1.001   1.016   1.046   1.063   1.087   1.093   1.135
  1.175   1.217   1.247   1.268   1.395   1.413   1.439   1.485
  1.516   1.579   1.617   1.648   1.678   1.741   1.782   1.814
  1.849   1.895   1.931   1.941   2.019   2.032   2.086   2.123
  2.156   2.162   2.233   2.254   2.303   2.324   2.364   2.367
  2.373   2.396   2.451   2.457   2.470   2.492   2.517   2.548
  2.562   2.590   2.621   2.638   2.641   2.695   2.704   2.745
  2.822   2.833   2.909   2.995   3.033   3.095   3.269   3.315
  3.358   3.512   3.536   3.697   4.178   4.436   4.464   4.589
  4.604   4.664   4.857
 --------------------------------------------------------------
 
          Ground-State Mulliken Net Atomic Charges

     Atom                 Charge (a.u.)    Spin (a.u.)
  --------------------------------------------------------
      1 C                    -0.252827       0.014773
      2 C                    -0.106186      -0.102142
      3 C                    -0.112514       1.000933
      4 C                    -0.108348      -0.087355
      5 C                    -0.012210      -0.001235
      6 N                    -0.177857       0.027084
      7 H                     0.144849       0.003269
      8 H                     0.140061       0.000402
      9 H                     0.136928      -0.040060
     10 H                     0.131454       0.008435
     11 H                     0.131910       0.001591
     12 C                    -0.050429       0.166592
     13 H                     0.135168       0.007713
  --------------------------------------------------------
  Sum of atomic charges =    -0.000000
  Sum of spin   charges =     1.000000

 -----------------------------------------------------------------
                    Cartesian Multipole Moments
 -----------------------------------------------------------------
    Charge (ESU x 10^10)
                -0.0000
    Dipole Moment (Debye)
         X      -1.3090      Y      -1.9537      Z       1.7235
       Tot       2.9157
    Quadrupole Moments (Debye-Ang)
        XX     -38.7059     XY      -4.5148     YY     -43.5054
        XZ       2.0851     YZ       0.8553     ZZ     -43.0308
    Octopole Moments (Debye-Ang^2)
       XXX      -9.3128    XXY     -10.0765    XYY     -11.8838
       YYY     -29.2529    XXZ       6.7328    XYZ       3.1618
       YYZ       2.6697    XZZ      -4.5699    YZZ      -8.4411
       ZZZ      19.7535
    Hexadecapole Moments (Debye-Ang^3)
      XXXX    -230.5901   XXXY      -9.9083   XXYY     -94.3323
      XYYY     -27.4534   YYYY    -325.4921   XXXZ      -7.9461
      XXYZ       8.2592   XYYZ       5.7460   YYYZ      18.2125
      XXZZ     -69.5005   XYZZ      -5.5185   YYZZ     -79.8947
      XZZZ     -12.5172   YZZZ       9.5567   ZZZZ    -160.5610
 -----------------------------------------------------------------
Archival summary:
1\1\c8-90\SP\ProcedureUnspecified\6-31+G**\166(2)\hpark21\ThuMar307:16:592022ThuMar307:16:592022\0\\#,ProcedureUnspecified,6-31+G**,\\0,2\N\C,1,1.28244\H,2,1.08842,1,121.688\C,1,1.44823,2,106.39,3,-175.977,0\H,4,1.08428,1,117.025,2,-163.179,0\C,4,1.49084,1,111.629,2,-17.3477,0\H,6,1.08553,4,129.16,1,-128.931,0\C,2,1.52215,1,113.562,3,172.46,0\H,8,1.08971,2,118.044,1,157.46,0\C,8,1.53657,2,104.342,1,-67.7837,0\H,10,1.08335,8,124.975,2,-138.188,0\C,10,1.46961,8,92.5035,2,84.3009,0\H,12,1.08448,10,127.666,8,158.96,0\\\@

 Total job time:  28.56s(wall), 107.42s(cpu) 
 Thu Mar  3 07:16:59 2022

        *************************************************************
        *                                                           *
        *  Thank you very much for using Q-Chem.  Have a nice day.  *
        *                                                           *
        *************************************************************


