You are running Q-Chem version: 5.0.2

#
# job setting
#
local host:  c8-90
current dir: /home/hpark21/research/sphere/test/pyridine/pyridine_original/418/gathered/reactions/reaction_000/Reaction/pathways/020-120/FS
input file:  qcopt_prd.in
output file: qcopt_prd.out
nprocs     : 1
nthreads   : 4
#
# qchem installation setting
#
QC:          /home/leeping/opt/qchem/5.0.2-openmp
QCAUX:       /home/leeping/opt/qchem/5.0.2-openmp/qcaux
QCPROG:      /home/leeping/opt/qchem/5.0.2-openmp/exe/qcprog.exe
QCPROG_S:    /home/leeping/opt/qchem/5.0.2-openmp/exe/qcprog.exe_s
PARALLEL:    FALSE
QCMPI:       
#
# qchem directory setting
#
qcrun:       qcopt_prd.d
QCSCRATCH:   .
QCLOCALSCR:  
QCTMPDIR:    .
QCFILEPREF:  ./qcopt_prd.d
QCSAVEDIR:   ./qcopt_prd.d
workdirs:    ./qcopt_prd.d
workdir0:    ./qcopt_prd.d
partmpdirs =  
#
# parallel setting
#
QCRSH:           ssh
QCMPI:           mpich
QCMPIRUN:        /home/leeping/opt/qchem/5.0.2-openmp/bin/mpi/mpirun_qchem
QCMACHINEFILE:   /home/leeping/opt/qchem/5.0.2-openmp/bin/mpi/machines


#
# env setting
#
exported envs:   QC QCAUX QCSCRATCH QCRUNNAME QCFILEPREF QCPROG QCPROG_S GUIFILE
